cl : command line warning D9025: overriding '/MTd' with '/MDd'
  SandboxApp.cpp
C:\Users\Daniel\Desktop\Repos\CoffeeEngine\Coffee\include\Coffee\Logging.h(20,55): warning C4251: 'Coffee::Logger::_engineLogger': class 'std::shared_ptr<spdlog::logger>' needs to have dll-interface to be used by clients of class 'Coffee::Logger'
C:\Users\Daniel\Desktop\Repos\CoffeeEngine\Coffee\Externals\spdlog\include\spdlog\details\registry.h(33): message : see declaration of 'std::shared_ptr<spdlog::logger>'
C:\Users\Daniel\Desktop\Repos\CoffeeEngine\Coffee\include\Coffee\Logging.h(21,55): warning C4251: 'Coffee::Logger::_clientLogger': class 'std::shared_ptr<spdlog::logger>' needs to have dll-interface to be used by clients of class 'Coffee::Logger'
C:\Users\Daniel\Desktop\Repos\CoffeeEngine\Coffee\Externals\spdlog\include\spdlog\details\registry.h(33): message : see declaration of 'std::shared_ptr<spdlog::logger>'
C:\Users\Daniel\Desktop\Repos\CoffeeEngine\Coffee\include\Coffee\Layer.h(23,25): warning C4251: 'Coffee::Layer::_debugName': class 'std::basic_string<char,std::char_traits<char>,std::allocator<char>>' needs to have dll-interface to be used by clients of class 'Coffee::Layer'
C:\Program Files (x86)\Microsoft Visual Studio\2019\Community\VC\Tools\MSVC\14.24.28314\include\xstring(4448): message : see declaration of 'std::basic_string<char,std::char_traits<char>,std::allocator<char>>'
C:\Users\Daniel\Desktop\Repos\CoffeeEngine\Coffee\include\Coffee\Layer.h(49,22): warning C4251: 'Coffee::LayerStack::_layers': class 'std::vector<Coffee::Layer *,std::allocator<Coffee::Layer *>>' needs to have dll-interface to be used by clients of class 'Coffee::LayerStack'
C:\Users\Daniel\Desktop\Repos\CoffeeEngine\Coffee\include\Coffee\Layer.h(28): message : see declaration of 'std::vector<Coffee::Layer *,std::allocator<Coffee::Layer *>>'
C:\Users\Daniel\Desktop\Repos\CoffeeEngine\Coffee\include\Coffee\Layer.h(50,29): warning C4251: 'Coffee::LayerStack::_layerInsert': class 'std::_Vector_iterator<std::_Vector_val<std::_Simple_types<_Ty>>>' needs to have dll-interface to be used by clients of class 'Coffee::LayerStack'
          with
          [
              _Ty=Coffee::Layer *
          ]
C:\Program Files (x86)\Microsoft Visual Studio\2019\Community\VC\Tools\MSVC\14.24.28314\include\vector(439): message : see declaration of 'std::_Vector_iterator<std::_Vector_val<std::_Simple_types<_Ty>>>'
          with
          [
              _Ty=Coffee::Layer *
          ]
C:\Users\Daniel\Desktop\Repos\CoffeeEngine\Coffee\include\Coffee\Application.h(32,24): warning C4251: 'Coffee::Application::_window': class 'std::unique_ptr<Coffee::Window,std::default_delete<Coffee::Window>>' needs to have dll-interface to be used by clients of class 'Coffee::Application'
C:\Users\Daniel\Desktop\Repos\CoffeeEngine\Coffee\include\Coffee\Core.h(41): message : see declaration of 'std::unique_ptr<Coffee::Window,std::default_delete<Coffee::Window>>'
C:\Users\Daniel\Desktop\Repos\CoffeeEngine\Sandbox\src\SandboxApp.cpp(49,1): warning C4506: no definition for inline function 'std::shared_ptr<spdlog::logger> &Coffee::Logger::getClientLogger(void)'
  Sandbox.vcxproj -> C:\Users\Daniel\Desktop\Repos\CoffeeEngine\Sandbox\..\Build\bin\windows\Debug-x86_64\Sandbox\Sandbox.exe
