c:\repos\coffeeengine\build\obj\windows\debug-x86_64\coffee\coffee.pdb
c:\repos\coffeeengine\build\obj\windows\debug-x86_64\coffee\coffee.idb
c:\repos\coffeeengine\build\obj\windows\debug-x86_64\coffee\texture.obj
c:\repos\coffeeengine\build\obj\windows\debug-x86_64\coffee\shader.obj
c:\repos\coffeeengine\build\obj\windows\debug-x86_64\coffee\rendererapi.obj
c:\repos\coffeeengine\build\obj\windows\debug-x86_64\coffee\renderer2d.obj
c:\repos\coffeeengine\build\obj\windows\debug-x86_64\coffee\renderer.obj
c:\repos\coffeeengine\build\obj\windows\debug-x86_64\coffee\rendercommand.obj
c:\repos\coffeeengine\build\obj\windows\debug-x86_64\coffee\cameracontroller.obj
c:\repos\coffeeengine\build\obj\windows\debug-x86_64\coffee\camera.obj
c:\repos\coffeeengine\build\obj\windows\debug-x86_64\coffee\buffers.obj
c:\repos\coffeeengine\build\obj\windows\debug-x86_64\coffee\instrumentation.obj
c:\repos\coffeeengine\build\obj\windows\debug-x86_64\coffee\imguilayer.obj
c:\repos\coffeeengine\build\obj\windows\debug-x86_64\coffee\imguibuild.obj
c:\repos\coffeeengine\build\obj\windows\debug-x86_64\coffee\mouseevents.obj
c:\repos\coffeeengine\build\obj\windows\debug-x86_64\coffee\keyevents.obj
c:\repos\coffeeengine\build\obj\windows\debug-x86_64\coffee\event.obj
c:\repos\coffeeengine\build\obj\windows\debug-x86_64\coffee\appevents.obj
c:\repos\coffeeengine\build\obj\windows\debug-x86_64\coffee\timestep.obj
c:\repos\coffeeengine\build\obj\windows\debug-x86_64\coffee\logging.obj
c:\repos\coffeeengine\build\obj\windows\debug-x86_64\coffee\layer.obj
c:\repos\coffeeengine\build\obj\windows\debug-x86_64\coffee\application.obj
c:\repos\coffeeengine\build\obj\windows\debug-x86_64\coffee\openglvertexarray.obj
c:\repos\coffeeengine\build\obj\windows\debug-x86_64\coffee\opengltexture.obj
c:\repos\coffeeengine\build\obj\windows\debug-x86_64\coffee\openglshader.obj
c:\repos\coffeeengine\build\obj\windows\debug-x86_64\coffee\openglrendererapi.obj
c:\repos\coffeeengine\build\obj\windows\debug-x86_64\coffee\openglcontext.obj
c:\repos\coffeeengine\build\obj\windows\debug-x86_64\coffee\openglbuffers.obj
c:\repos\coffeeengine\build\obj\windows\debug-x86_64\coffee\windowswindow.obj
c:\repos\coffeeengine\build\obj\windows\debug-x86_64\coffee\windowsinput.obj
c:\repos\coffeeengine\build\obj\windows\debug-x86_64\coffee\vertexarray.obj
c:\repos\coffeeengine\build\obj\windows\debug-x86_64\coffee\coffee.pch
c:\repos\coffeeengine\build\obj\windows\debug-x86_64\coffee\coffeepch.obj
c:\repos\coffeeengine\build\obj\windows\debug-x86_64\coffee\graphicscontext.obj
c:\repos\coffeeengine\coffee\..\build\bin\windows\debug-x86_64\coffee\coffee.lib
c:\repos\coffeeengine\build\obj\windows\debug-x86_64\coffee\coffee.tlog\cl.command.1.tlog
c:\repos\coffeeengine\build\obj\windows\debug-x86_64\coffee\coffee.tlog\cl.read.1.tlog
c:\repos\coffeeengine\build\obj\windows\debug-x86_64\coffee\coffee.tlog\cl.write.1.tlog
c:\repos\coffeeengine\build\obj\windows\debug-x86_64\coffee\coffee.tlog\lib-link.read.1.tlog
c:\repos\coffeeengine\build\obj\windows\debug-x86_64\coffee\coffee.tlog\lib-link.write.1.tlog
c:\repos\coffeeengine\build\obj\windows\debug-x86_64\coffee\coffee.tlog\lib.command.1.tlog
