  Application.cpp
C:\Users\Daniel\Desktop\Repos\CoffeeEngine\Coffee\include\Coffee\Layer.h(23,25): warning C4251: 'Coffee::Layer::_debugName': class 'std::basic_string<char,std::char_traits<char>,std::allocator<char>>' needs to have dll-interface to be used by clients of class 'Coffee::Layer'
C:\Program Files (x86)\Microsoft Visual Studio\2019\Community\VC\Tools\MSVC\14.24.28314\include\xstring(4448): message : see declaration of 'std::basic_string<char,std::char_traits<char>,std::allocator<char>>'
C:\Users\Daniel\Desktop\Repos\CoffeeEngine\Coffee\include\Coffee\Layer.h(49,22): warning C4251: 'Coffee::LayerStack::_layers': class 'std::vector<Coffee::Layer *,std::allocator<Coffee::Layer *>>' needs to have dll-interface to be used by clients of class 'Coffee::LayerStack'
C:\Users\Daniel\Desktop\Repos\CoffeeEngine\Coffee\include\Coffee\Layer.h(28): message : see declaration of 'std::vector<Coffee::Layer *,std::allocator<Coffee::Layer *>>'
C:\Users\Daniel\Desktop\Repos\CoffeeEngine\Coffee\include\Coffee\Layer.h(50,29): warning C4251: 'Coffee::LayerStack::_layerInsert': class 'std::_Vector_iterator<std::_Vector_val<std::_Simple_types<_Ty>>>' needs to have dll-interface to be used by clients of class 'Coffee::LayerStack'
          with
          [
              _Ty=Coffee::Layer *
          ]
C:\Program Files (x86)\Microsoft Visual Studio\2019\Community\VC\Tools\MSVC\14.24.28314\include\vector(439): message : see declaration of 'std::_Vector_iterator<std::_Vector_val<std::_Simple_types<_Ty>>>'
          with
          [
              _Ty=Coffee::Layer *
          ]
C:\Users\Daniel\Desktop\Repos\CoffeeEngine\Coffee\include\Coffee\Application.h(32,24): warning C4251: 'Coffee::Application::_window': class 'std::unique_ptr<Coffee::Window,std::default_delete<Coffee::Window>>' needs to have dll-interface to be used by clients of class 'Coffee::Application'
C:\Users\Daniel\Desktop\Repos\CoffeeEngine\Coffee\include\Coffee\Core.h(41): message : see declaration of 'std::unique_ptr<Coffee::Window,std::default_delete<Coffee::Window>>'
C:\Users\Daniel\Desktop\Repos\CoffeeEngine\Coffee\src\Coffee\Application.cpp(51,1): warning C4506: no definition for inline function 'std::shared_ptr<spdlog::logger> &Coffee::Logger::getEngineLogger(void)'
  AppEvents.cpp
  Event.cpp
  KeyEvents.cpp
  MouseEvents.cpp
  ImguiLayer.cpp
C:\Users\Daniel\Desktop\Repos\CoffeeEngine\Coffee\include\Coffee\Layer.h(23,25): warning C4251: 'Coffee::Layer::_debugName': class 'std::basic_string<char,std::char_traits<char>,std::allocator<char>>' needs to have dll-interface to be used by clients of class 'Coffee::Layer'
C:\Program Files (x86)\Microsoft Visual Studio\2019\Community\VC\Tools\MSVC\14.24.28314\include\xstring(4448): message : see declaration of 'std::basic_string<char,std::char_traits<char>,std::allocator<char>>'
C:\Users\Daniel\Desktop\Repos\CoffeeEngine\Coffee\include\Coffee\Layer.h(49,22): warning C4251: 'Coffee::LayerStack::_layers': class 'std::vector<Coffee::Layer *,std::allocator<Coffee::Layer *>>' needs to have dll-interface to be used by clients of class 'Coffee::LayerStack'
C:\Users\Daniel\Desktop\Repos\CoffeeEngine\Coffee\include\Coffee\Layer.h(28): message : see declaration of 'std::vector<Coffee::Layer *,std::allocator<Coffee::Layer *>>'
C:\Users\Daniel\Desktop\Repos\CoffeeEngine\Coffee\include\Coffee\Layer.h(50,29): warning C4251: 'Coffee::LayerStack::_layerInsert': class 'std::_Vector_iterator<std::_Vector_val<std::_Simple_types<_Ty>>>' needs to have dll-interface to be used by clients of class 'Coffee::LayerStack'
          with
          [
              _Ty=Coffee::Layer *
          ]
C:\Program Files (x86)\Microsoft Visual Studio\2019\Community\VC\Tools\MSVC\14.24.28314\include\vector(439): message : see declaration of 'std::_Vector_iterator<std::_Vector_val<std::_Simple_types<_Ty>>>'
          with
          [
              _Ty=Coffee::Layer *
          ]
C:\Users\Daniel\Desktop\Repos\CoffeeEngine\Coffee\include\Coffee\Application.h(32,24): warning C4251: 'Coffee::Application::_window': class 'std::unique_ptr<Coffee::Window,std::default_delete<Coffee::Window>>' needs to have dll-interface to be used by clients of class 'Coffee::Application'
C:\Users\Daniel\Desktop\Repos\CoffeeEngine\Coffee\include\Coffee\Core.h(41): message : see declaration of 'std::unique_ptr<Coffee::Window,std::default_delete<Coffee::Window>>'
C:\Users\Daniel\Desktop\Repos\CoffeeEngine\Coffee\src\Coffee\ImguiLayer.cpp(54,79): warning C4244: 'argument': conversion from 'unsigned int' to 'float', possible loss of data
C:\Users\Daniel\Desktop\Repos\CoffeeEngine\Coffee\src\Coffee\ImguiLayer.cpp(54,50): warning C4244: 'argument': conversion from 'unsigned int' to 'float', possible loss of data
C:\Users\Daniel\Desktop\Repos\CoffeeEngine\Coffee\src\Coffee\ImguiLayer.cpp(56,32): warning C4244: 'initializing': conversion from 'double' to 'float', possible loss of data
C:\Users\Daniel\Desktop\Repos\CoffeeEngine\Coffee\src\Coffee\ImguiLayer.cpp(56,19): warning C4244: 'initializing': conversion from 'double' to 'const float', possible loss of data
C:\Users\Daniel\Desktop\Repos\CoffeeEngine\Coffee\src\Coffee\ImguiLayer.cpp(145,51): warning C4244: 'argument': conversion from 'unsigned int' to 'float', possible loss of data
C:\Users\Daniel\Desktop\Repos\CoffeeEngine\Coffee\src\Coffee\ImguiLayer.cpp(145,36): warning C4244: 'argument': conversion from 'unsigned int' to 'float', possible loss of data
C:\Users\Daniel\Desktop\Repos\CoffeeEngine\Coffee\src\Coffee\ImguiLayer.cpp(151,1): warning C4506: no definition for inline function 'Coffee::Application &Coffee::Application::getInstance(void)'
  Layer.cpp
C:\Users\Daniel\Desktop\Repos\CoffeeEngine\Coffee\include\Coffee\Layer.h(23,25): warning C4251: 'Coffee::Layer::_debugName': class 'std::basic_string<char,std::char_traits<char>,std::allocator<char>>' needs to have dll-interface to be used by clients of class 'Coffee::Layer'
C:\Program Files (x86)\Microsoft Visual Studio\2019\Community\VC\Tools\MSVC\14.24.28314\include\xstring(4448): message : see declaration of 'std::basic_string<char,std::char_traits<char>,std::allocator<char>>'
C:\Users\Daniel\Desktop\Repos\CoffeeEngine\Coffee\include\Coffee\Layer.h(49,22): warning C4251: 'Coffee::LayerStack::_layers': class 'std::vector<Coffee::Layer *,std::allocator<Coffee::Layer *>>' needs to have dll-interface to be used by clients of class 'Coffee::LayerStack'
C:\Users\Daniel\Desktop\Repos\CoffeeEngine\Coffee\include\Coffee\Layer.h(28): message : see declaration of 'std::vector<Coffee::Layer *,std::allocator<Coffee::Layer *>>'
C:\Users\Daniel\Desktop\Repos\CoffeeEngine\Coffee\include\Coffee\Layer.h(50,29): warning C4251: 'Coffee::LayerStack::_layerInsert': class 'std::_Vector_iterator<std::_Vector_val<std::_Simple_types<_Ty>>>' needs to have dll-interface to be used by clients of class 'Coffee::LayerStack'
          with
          [
              _Ty=Coffee::Layer *
          ]
C:\Program Files (x86)\Microsoft Visual Studio\2019\Community\VC\Tools\MSVC\14.24.28314\include\vector(439): message : see declaration of 'std::_Vector_iterator<std::_Vector_val<std::_Simple_types<_Ty>>>'
          with
          [
              _Ty=Coffee::Layer *
          ]
  WindowsInput.cpp
C:\Users\Daniel\Desktop\Repos\CoffeeEngine\Coffee\include\Coffee\Layer.h(23,25): warning C4251: 'Coffee::Layer::_debugName': class 'std::basic_string<char,std::char_traits<char>,std::allocator<char>>' needs to have dll-interface to be used by clients of class 'Coffee::Layer'
C:\Program Files (x86)\Microsoft Visual Studio\2019\Community\VC\Tools\MSVC\14.24.28314\include\xstring(4448): message : see declaration of 'std::basic_string<char,std::char_traits<char>,std::allocator<char>>'
C:\Users\Daniel\Desktop\Repos\CoffeeEngine\Coffee\include\Coffee\Layer.h(49,22): warning C4251: 'Coffee::LayerStack::_layers': class 'std::vector<Coffee::Layer *,std::allocator<Coffee::Layer *>>' needs to have dll-interface to be used by clients of class 'Coffee::LayerStack'
C:\Users\Daniel\Desktop\Repos\CoffeeEngine\Coffee\include\Coffee\Layer.h(28): message : see declaration of 'std::vector<Coffee::Layer *,std::allocator<Coffee::Layer *>>'
C:\Users\Daniel\Desktop\Repos\CoffeeEngine\Coffee\include\Coffee\Layer.h(50,29): warning C4251: 'Coffee::LayerStack::_layerInsert': class 'std::_Vector_iterator<std::_Vector_val<std::_Simple_types<_Ty>>>' needs to have dll-interface to be used by clients of class 'Coffee::LayerStack'
          with
          [
              _Ty=Coffee::Layer *
          ]
C:\Program Files (x86)\Microsoft Visual Studio\2019\Community\VC\Tools\MSVC\14.24.28314\include\vector(439): message : see declaration of 'std::_Vector_iterator<std::_Vector_val<std::_Simple_types<_Ty>>>'
          with
          [
              _Ty=Coffee::Layer *
          ]
C:\Users\Daniel\Desktop\Repos\CoffeeEngine\Coffee\include\Coffee\Application.h(32,24): warning C4251: 'Coffee::Application::_window': class 'std::unique_ptr<Coffee::Window,std::default_delete<Coffee::Window>>' needs to have dll-interface to be used by clients of class 'Coffee::Application'
C:\Users\Daniel\Desktop\Repos\CoffeeEngine\Coffee\include\Coffee\Core.h(41): message : see declaration of 'std::unique_ptr<Coffee::Window,std::default_delete<Coffee::Window>>'
C:\Program Files (x86)\Microsoft Visual Studio\2019\Community\VC\Tools\MSVC\14.24.28314\include\utility(149,16): warning C4244: 'initializing': conversion from 'double' to '_Ty1', possible loss of data
          with
          [
              _Ty1=float
          ]
C:\Users\Daniel\Desktop\Repos\CoffeeEngine\Coffee\src\Platform\Windows\WindowsInput.cpp(29): message : see reference to function template instantiation 'std::pair<float,float>::pair<double&,double&,0>(_Other1,_Other2) noexcept' being compiled
          with
          [
              _Other1=double &,
              _Other2=double &
          ]
C:\Users\Daniel\Desktop\Repos\CoffeeEngine\Coffee\src\Platform\Windows\WindowsInput.cpp(29): message : see reference to function template instantiation 'std::pair<float,float>::pair<double&,double&,0>(_Other1,_Other2) noexcept' being compiled
          with
          [
              _Other1=double &,
              _Other2=double &
          ]
C:\Program Files (x86)\Microsoft Visual Studio\2019\Community\VC\Tools\MSVC\14.24.28314\include\utility(149,1): warning C4244: 'initializing': conversion from 'double' to '_Ty2', possible loss of data
          with
          [
              _Ty2=float
          ]
C:\Users\Daniel\Desktop\Repos\CoffeeEngine\Coffee\src\Platform\Windows\WindowsInput.cpp(40,1): warning C4506: no definition for inline function 'Coffee::Application &Coffee::Application::getInstance(void)'
  WindowsWindow.cpp
C:\Users\Daniel\Desktop\Repos\CoffeeEngine\Coffee\src\Platform\Windows\WindowsWindow.cpp(182,1): warning C4506: no definition for inline function 'std::shared_ptr<spdlog::logger> &Coffee::Logger::getEngineLogger(void)'
  Generating Code...
     Creating library ..\Build\bin\windows\Debug-x86_64\Coffee\Coffee.lib and object ..\Build\bin\windows\Debug-x86_64\Coffee\Coffee.exp
LINK : warning LNK4098: defaultlib 'LIBCMTD' conflicts with use of other libs; use /NODEFAULTLIB:library
  Coffee.vcxproj -> C:\Users\Daniel\Desktop\Repos\CoffeeEngine\Coffee\..\Build\bin\windows\Debug-x86_64\Coffee\Coffee.dll
